0 info it worked if it ends with ok
1 verbose cli [ '/opt/bitnami/node/bin/node',
1 verbose cli   '/opt/bitnami/node/bin/npm',
1 verbose cli   'start' ]
2 info using npm@4.1.2
3 info using node@v7.5.0
4 verbose stack Error: ENOENT: no such file or directory, open '/app/package.json'
5 verbose cwd /app
6 error Linux 4.8.14-moby
7 error argv "/opt/bitnami/node/bin/node" "/opt/bitnami/node/bin/npm" "start"
8 error node v7.5.0
9 error npm  v4.1.2
10 error path /app/package.json
11 error code ENOENT
12 error errno -2
13 error syscall open
14 error enoent ENOENT: no such file or directory, open '/app/package.json'
15 error enoent ENOENT: no such file or directory, open '/app/package.json'
15 error enoent This is most likely not a problem with npm itself
15 error enoent and is related to npm not being able to find a file.
16 verbose exit [ -2, true ]
